Traceback (most recent call last):
  File "/Users/enaj/.virtualenvs/p39/lib/python3.9/site-packages/jupyter_cache/executors/utils.py", line 51, in single_nb_execution
    executenb(
  File "/Users/enaj/.virtualenvs/p39/lib/python3.9/site-packages/nbclient/client.py", line 1204, in execute
    return NotebookClient(nb=nb, resources=resources, km=km, **kwargs).execute()
  File "/Users/enaj/.virtualenvs/p39/lib/python3.9/site-packages/nbclient/util.py", line 84, in wrapped
    return just_run(coro(*args, **kwargs))
  File "/Users/enaj/.virtualenvs/p39/lib/python3.9/site-packages/nbclient/util.py", line 62, in just_run
    return loop.run_until_complete(coro)
  File "/usr/local/Cellar/python@3.9/3.9.13_1/Frameworks/Python.framework/Versions/3.9/lib/python3.9/asyncio/base_events.py", line 647, in run_until_complete
    return future.result()
  File "/Users/enaj/.virtualenvs/p39/lib/python3.9/site-packages/nbclient/client.py", line 663, in async_execute
    await self.async_execute_cell(
  File "/Users/enaj/.virtualenvs/p39/lib/python3.9/site-packages/nbclient/client.py", line 965, in async_execute_cell
    await self._check_raise_for_error(cell, cell_index, exec_reply)
  File "/Users/enaj/.virtualenvs/p39/lib/python3.9/site-packages/nbclient/client.py", line 862, in _check_raise_for_error
    raise CellExecutionError.from_cell_and_msg(cell, exec_reply_content)
nbclient.exceptions.CellExecutionError: An error occurred while executing the following cell:
------------------
from scipy.linalg import eig

A = np.array([[0.95, 0, 0.15],[0.05,0.8,0],[0,0.2,0.85]])

eigenvalues, eigenvectors = ## Your code here
------------------

[0;36m  Input [0;32mIn [7][0;36m[0m
[0;31m    eigenvalues, eigenvectors = ## Your code here[0m
[0m                                ^[0m
[0;31mSyntaxError[0m[0;31m:[0m invalid syntax

SyntaxError: invalid syntax (743812329.py, line 5)

