Traceback (most recent call last):
  File "/Users/enaj/.virtualenvs/p39/lib/python3.9/site-packages/jupyter_cache/executors/utils.py", line 51, in single_nb_execution
    executenb(
  File "/Users/enaj/.virtualenvs/p39/lib/python3.9/site-packages/nbclient/client.py", line 1204, in execute
    return NotebookClient(nb=nb, resources=resources, km=km, **kwargs).execute()
  File "/Users/enaj/.virtualenvs/p39/lib/python3.9/site-packages/nbclient/util.py", line 84, in wrapped
    return just_run(coro(*args, **kwargs))
  File "/Users/enaj/.virtualenvs/p39/lib/python3.9/site-packages/nbclient/util.py", line 62, in just_run
    return loop.run_until_complete(coro)
  File "/usr/local/Cellar/python@3.9/3.9.13_1/Frameworks/Python.framework/Versions/3.9/lib/python3.9/asyncio/base_events.py", line 647, in run_until_complete
    return future.result()
  File "/Users/enaj/.virtualenvs/p39/lib/python3.9/site-packages/nbclient/client.py", line 663, in async_execute
    await self.async_execute_cell(
  File "/Users/enaj/.virtualenvs/p39/lib/python3.9/site-packages/nbclient/client.py", line 965, in async_execute_cell
    await self._check_raise_for_error(cell, cell_index, exec_reply)
  File "/Users/enaj/.virtualenvs/p39/lib/python3.9/site-packages/nbclient/client.py", line 862, in _check_raise_for_error
    raise CellExecutionError.from_cell_and_msg(cell, exec_reply_content)
nbclient.exceptions.CellExecutionError: An error occurred while executing the following cell:
------------------
# remember, this is here for running separate simulations in the same notebook
start_scope() 
# Parameters
num_inputs = 100
input_rate = 10*Hz
weight = 0.1
# Range of time constants
tau_range = linspace(1, 10, 30)*ms
# Use this list to store output rates
output_rates = []
# Iterate over range of time constants
for tau in tau_range:
    # Construct the network each time
    P = PoissonGroup(num_inputs, rates=input_rate)
    eqs = '''
    dv/dt = -v/tau : 1
    '''
    G = NeuronGroup(1, eqs, threshold='v>1', reset='v=0', method='exact')
    S = Synapses(P, G, on_pre='v += weight')
    S.connect()
    M = SpikeMonitor(G)
    # Run it and store the output firing rate in the list
    run(1*second)
    output_rates.append(M.num_spikes/second)
# And plot it
plot(tau_range/ms, output_rates)
xlabel(r'$\tau$ (ms)')
ylabel('Firing rate (sp/s)');
------------------

[0;31m---------------------------------------------------------------------------[0m
[0;31mKeyboardInterrupt[0m                         Traceback (most recent call last)
Input [0;32mIn [2][0m, in [0;36m<cell line: 12>[0;34m()[0m
[1;32m     21[0m     M [38;5;241m=[39m SpikeMonitor(G)
[1;32m     22[0m     [38;5;66;03m# Run it and store the output firing rate in the list[39;00m
[0;32m---> 23[0m     [43mrun[49m[43m([49m[38;5;241;43m1[39;49m[38;5;241;43m*[39;49m[43msecond[49m[43m)[49m
[1;32m     24[0m     output_rates[38;5;241m.[39mappend(M[38;5;241m.[39mnum_spikes[38;5;241m/[39msecond)
[1;32m     25[0m [38;5;66;03m# And plot it[39;00m

File [0;32m~/.virtualenvs/p39/lib/python3.9/site-packages/brian2/units/fundamentalunits.py:2462[0m, in [0;36mcheck_units.<locals>.do_check_units.<locals>.new_f[0;34m(*args, **kwds)[0m
[1;32m   2455[0m             error_message [38;5;241m=[39m ([38;5;124mf[39m[38;5;124m"[39m[38;5;124mFunction [39m[38;5;124m'[39m[38;5;132;01m{[39;00mf[38;5;241m.[39m[38;5;18m__name__[39m[38;5;132;01m}[39;00m[38;5;124m'[39m[38;5;124m [39m[38;5;124m"[39m
[1;32m   2456[0m                              [38;5;124mf[39m[38;5;124m"[39m[38;5;124mexpected a quantitity with unit [39m[38;5;124m"[39m
[1;32m   2457[0m                              [38;5;124mf[39m[38;5;124m"[39m[38;5;132;01m{[39;00munit[38;5;132;01m}[39;00m[38;5;124m for argument [39m[38;5;124m'[39m[38;5;132;01m{[39;00mk[38;5;132;01m}[39;00m[38;5;124m'[39m[38;5;124m but got [39m[38;5;124m"[39m
[1;32m   2458[0m                              [38;5;124mf[39m[38;5;124m"[39m[38;5;124m'[39m[38;5;132;01m{[39;00mvalue[38;5;132;01m}[39;00m[38;5;124m'[39m[38;5;124m"[39m)
[1;32m   2459[0m             [38;5;28;01mraise[39;00m DimensionMismatchError(error_message,
[1;32m   2460[0m                                          get_dimensions(newkeyset[k]))
[0;32m-> 2462[0m result [38;5;241m=[39m [43mf[49m[43m([49m[38;5;241;43m*[39;49m[43margs[49m[43m,[49m[43m [49m[38;5;241;43m*[39;49m[38;5;241;43m*[39;49m[43mkwds[49m[43m)[49m
[1;32m   2463[0m [38;5;28;01mif[39;00m [38;5;124m'[39m[38;5;124mresult[39m[38;5;124m'[39m [38;5;129;01min[39;00m au:
[1;32m   2464[0m     [38;5;28;01mif[39;00m [38;5;28misinstance[39m(au[[38;5;124m'[39m[38;5;124mresult[39m[38;5;124m'[39m], Callable) [38;5;129;01mand[39;00m au[[38;5;124m'[39m[38;5;124mresult[39m[38;5;124m'[39m] [38;5;241m!=[39m [38;5;28mbool[39m:

File [0;32m~/.virtualenvs/p39/lib/python3.9/site-packages/brian2/core/magic.py:377[0m, in [0;36mrun[0;34m(duration, report, report_period, namespace, profile, level)[0m
[1;32m    310[0m [38;5;129m@check_units[39m(duration[38;5;241m=[39msecond, report_period[38;5;241m=[39msecond)
[1;32m    311[0m [38;5;28;01mdef[39;00m [38;5;21mrun[39m(duration, report[38;5;241m=[39m[38;5;28;01mNone[39;00m, report_period[38;5;241m=[39m[38;5;241m10[39m[38;5;241m*[39msecond, namespace[38;5;241m=[39m[38;5;28;01mNone[39;00m,
[1;32m    312[0m         profile[38;5;241m=[39m[38;5;28;01mNone[39;00m, level[38;5;241m=[39m[38;5;241m0[39m):
[1;32m    313[0m     [38;5;124;03m"""[39;00m
[1;32m    314[0m [38;5;124;03m    run(duration, report=None, report_period=10*second, namespace=None, level=0)[39;00m
[1;32m    315[0m [38;5;124;03m    [39;00m
[0;32m   (...)[0m
[1;32m    375[0m [38;5;124;03m        intended use. See `MagicNetwork` for more details.[39;00m
[1;32m    376[0m [38;5;124;03m    """[39;00m
[0;32m--> 377[0m     [38;5;28;01mreturn[39;00m [43mmagic_network[49m[38;5;241;43m.[39;49m[43mrun[49m[43m([49m[43mduration[49m[43m,[49m[43m [49m[43mreport[49m[38;5;241;43m=[39;49m[43mreport[49m[43m,[49m[43m [49m[43mreport_period[49m[38;5;241;43m=[39;49m[43mreport_period[49m[43m,[49m
[1;32m    378[0m [43m                             [49m[43mnamespace[49m[38;5;241;43m=[39;49m[43mnamespace[49m[43m,[49m[43m [49m[43mprofile[49m[38;5;241;43m=[39;49m[43mprofile[49m[43m,[49m[43m [49m[43mlevel[49m[38;5;241;43m=[39;49m[38;5;241;43m2[39;49m[38;5;241;43m+[39;49m[43mlevel[49m[43m)[49m

File [0;32m~/.virtualenvs/p39/lib/python3.9/site-packages/brian2/core/magic.py:230[0m, in [0;36mMagicNetwork.run[0;34m(self, duration, report, report_period, namespace, profile, level)[0m
[1;32m    227[0m [38;5;28;01mdef[39;00m [38;5;21mrun[39m([38;5;28mself[39m, duration, report[38;5;241m=[39m[38;5;28;01mNone[39;00m, report_period[38;5;241m=[39m[38;5;241m10[39m[38;5;241m*[39msecond,
[1;32m    228[0m         namespace[38;5;241m=[39m[38;5;28;01mNone[39;00m, profile[38;5;241m=[39m[38;5;28;01mNone[39;00m, level[38;5;241m=[39m[38;5;241m0[39m):
[1;32m    229[0m     [38;5;28mself[39m[38;5;241m.[39m_update_magic_objects(level[38;5;241m=[39mlevel[38;5;241m+[39m[38;5;241m1[39m)
[0;32m--> 230[0m     [43mNetwork[49m[38;5;241;43m.[39;49m[43mrun[49m[43m([49m[38;5;28;43mself[39;49m[43m,[49m[43m [49m[43mduration[49m[43m,[49m[43m [49m[43mreport[49m[38;5;241;43m=[39;49m[43mreport[49m[43m,[49m[43m [49m[43mreport_period[49m[38;5;241;43m=[39;49m[43mreport_period[49m[43m,[49m
[1;32m    231[0m [43m                [49m[43mnamespace[49m[38;5;241;43m=[39;49m[43mnamespace[49m[43m,[49m[43m [49m[43mprofile[49m[38;5;241;43m=[39;49m[43mprofile[49m[43m,[49m[43m [49m[43mlevel[49m[38;5;241;43m=[39;49m[43mlevel[49m[38;5;241;43m+[39;49m[38;5;241;43m1[39;49m[43m)[49m

File [0;32m~/.virtualenvs/p39/lib/python3.9/site-packages/brian2/core/base.py:293[0m, in [0;36mdevice_override.<locals>.device_override_decorator.<locals>.device_override_decorated_function[0;34m(*args, **kwds)[0m
[1;32m    291[0m     [38;5;28;01mreturn[39;00m [38;5;28mgetattr[39m(curdev, name)([38;5;241m*[39margs, [38;5;241m*[39m[38;5;241m*[39mkwds)
[1;32m    292[0m [38;5;28;01melse[39;00m:
[0;32m--> 293[0m     [38;5;28;01mreturn[39;00m [43mfunc[49m[43m([49m[38;5;241;43m*[39;49m[43margs[49m[43m,[49m[43m [49m[38;5;241;43m*[39;49m[38;5;241;43m*[39;49m[43mkwds[49m[43m)[49m

File [0;32m~/.virtualenvs/p39/lib/python3.9/site-packages/brian2/units/fundamentalunits.py:2462[0m, in [0;36mcheck_units.<locals>.do_check_units.<locals>.new_f[0;34m(*args, **kwds)[0m
[1;32m   2455[0m             error_message [38;5;241m=[39m ([38;5;124mf[39m[38;5;124m"[39m[38;5;124mFunction [39m[38;5;124m'[39m[38;5;132;01m{[39;00mf[38;5;241m.[39m[38;5;18m__name__[39m[38;5;132;01m}[39;00m[38;5;124m'[39m[38;5;124m [39m[38;5;124m"[39m
[1;32m   2456[0m                              [38;5;124mf[39m[38;5;124m"[39m[38;5;124mexpected a quantitity with unit [39m[38;5;124m"[39m
[1;32m   2457[0m                              [38;5;124mf[39m[38;5;124m"[39m[38;5;132;01m{[39;00munit[38;5;132;01m}[39;00m[38;5;124m for argument [39m[38;5;124m'[39m[38;5;132;01m{[39;00mk[38;5;132;01m}[39;00m[38;5;124m'[39m[38;5;124m but got [39m[38;5;124m"[39m
[1;32m   2458[0m                              [38;5;124mf[39m[38;5;124m"[39m[38;5;124m'[39m[38;5;132;01m{[39;00mvalue[38;5;132;01m}[39;00m[38;5;124m'[39m[38;5;124m"[39m)
[1;32m   2459[0m             [38;5;28;01mraise[39;00m DimensionMismatchError(error_message,
[1;32m   2460[0m                                          get_dimensions(newkeyset[k]))
[0;32m-> 2462[0m result [38;5;241m=[39m [43mf[49m[43m([49m[38;5;241;43m*[39;49m[43margs[49m[43m,[49m[43m [49m[38;5;241;43m*[39;49m[38;5;241;43m*[39;49m[43mkwds[49m[43m)[49m
[1;32m   2463[0m [38;5;28;01mif[39;00m [38;5;124m'[39m[38;5;124mresult[39m[38;5;124m'[39m [38;5;129;01min[39;00m au:
[1;32m   2464[0m     [38;5;28;01mif[39;00m [38;5;28misinstance[39m(au[[38;5;124m'[39m[38;5;124mresult[39m[38;5;124m'[39m], Callable) [38;5;129;01mand[39;00m au[[38;5;124m'[39m[38;5;124mresult[39m[38;5;124m'[39m] [38;5;241m!=[39m [38;5;28mbool[39m:

File [0;32m~/.virtualenvs/p39/lib/python3.9/site-packages/brian2/core/network.py:1072[0m, in [0;36mNetwork.run[0;34m(self, duration, report, report_period, namespace, profile, level)[0m
[1;32m   1070[0m [38;5;28;01melse[39;00m:
[1;32m   1071[0m     [38;5;28;01mfor[39;00m obj [38;5;129;01min[39;00m active_objects:
[0;32m-> 1072[0m         [43mobj[49m[38;5;241;43m.[39;49m[43mrun[49m[43m([49m[43m)[49m
[1;32m   1074[0m timestep[[38;5;241m0[39m] [38;5;241m+[39m[38;5;241m=[39m [38;5;241m1[39m
[1;32m   1075[0m t[[38;5;241m0[39m] [38;5;241m=[39m timestep[[38;5;241m0[39m] [38;5;241m*[39m dt[[38;5;241m0[39m]

File [0;32m~/.virtualenvs/p39/lib/python3.9/site-packages/brian2/core/base.py:198[0m, in [0;36mBrianObject.run[0;34m(self)[0m
[1;32m    196[0m [38;5;28;01mdef[39;00m [38;5;21mrun[39m([38;5;28mself[39m):
[1;32m    197[0m     [38;5;28;01mfor[39;00m codeobj [38;5;129;01min[39;00m [38;5;28mself[39m[38;5;241m.[39m_code_objects:
[0;32m--> 198[0m         [43mcodeobj[49m[43m([49m[43m)[49m

File [0;32m~/.virtualenvs/p39/lib/python3.9/site-packages/brian2/codegen/codeobject.py:106[0m, in [0;36mCodeObject.__call__[0;34m(self, **kwds)[0m
[1;32m    103[0m [38;5;28mself[39m[38;5;241m.[39mupdate_namespace()
[1;32m    104[0m [38;5;28mself[39m[38;5;241m.[39mnamespace[38;5;241m.[39mupdate([38;5;241m*[39m[38;5;241m*[39mkwds)
[0;32m--> 106[0m [38;5;28;01mreturn[39;00m [38;5;28;43mself[39;49m[38;5;241;43m.[39;49m[43mrun[49m[43m([49m[43m)[49m

File [0;32m~/.virtualenvs/p39/lib/python3.9/site-packages/brian2/codegen/codeobject.py:134[0m, in [0;36mCodeObject.run[0;34m(self)[0m
[1;32m    124[0m [38;5;28;01mdef[39;00m [38;5;21mrun[39m([38;5;28mself[39m):
[1;32m    125[0m     [38;5;124;03m"""[39;00m
[1;32m    126[0m [38;5;124;03m    Runs the main code in the namespace.[39;00m
[1;32m    127[0m 
[0;32m   (...)[0m
[1;32m    132[0m [38;5;124;03m        defined during the call of `CodeGenerator.code_object`.[39;00m
[1;32m    133[0m [38;5;124;03m    """[39;00m
[0;32m--> 134[0m     [38;5;28;01mreturn[39;00m [38;5;28;43mself[39;49m[38;5;241;43m.[39;49m[43mrun_block[49m[43m([49m[38;5;124;43m'[39;49m[38;5;124;43mrun[39;49m[38;5;124;43m'[39;49m[43m)[49m

File [0;32m~/.virtualenvs/p39/lib/python3.9/site-packages/brian2/codegen/runtime/numpy_rt/numpy_rt.py:248[0m, in [0;36mNumpyCodeObject.run_block[0;34m(self, block)[0m
[1;32m    246[0m     [38;5;28;01mreturn[39;00m
[1;32m    247[0m [38;5;28;01mtry[39;00m:
[0;32m--> 248[0m     [43mexec[49m[43m([49m[43mcompiled_code[49m[43m,[49m[43m [49m[38;5;28;43mself[39;49m[38;5;241;43m.[39;49m[43mnamespace[49m[43m)[49m
[1;32m    249[0m [38;5;28;01mexcept[39;00m [38;5;167;01mException[39;00m [38;5;28;01mas[39;00m exc:
[1;32m    250[0m     code [38;5;241m=[39m [38;5;28mgetattr[39m([38;5;28mself[39m[38;5;241m.[39mcode, block)

File [0;32m(string):7[0m, in [0;36m<module>[0;34m[0m

[0;31mKeyboardInterrupt[0m: 
KeyboardInterrupt: 

